<?xml version="1.0" encoding="UTF-8" standalone="no"?>
<testsuite failures="0" name="cucumber.runtime.formatter.JUnitFormatter" skipped="0" tests="1" time="34.562593">
    <testcase classname="FreeCRM application test" name="Validate Login page" time="34.562593">
        <system-out>
            <![CDATA[Given user opens browser....................................................passed
Then user is on login page..................................................passed
Then user enters username and password......................................passed
And Validate Homepage title.................................................passed
Then Logout from the application............................................passed
]]>
        </system-out>
    </testcase>
</testsuite>
